#
# A fatal error has been detected by the Java Runtime Environment:
#
#  EXCEPTION_ACCESS_VIOLATION (0xc0000005) at pc=0x000000007767a365, pid=40448, tid=56840
#
# JRE version: OpenJDK Runtime Environment (15.0.1+9) (build 15.0.1+9-18)
# Java VM: OpenJDK 64-Bit Server VM (15.0.1+9-18, mixed mode, sharing, tiered, compressed oops, g1 gc, windows-amd64)
# Problematic frame:
# C  [ntdll.dll+0x2a365]
#
# No core dump will be written. Minidumps are not enabled by default on client versions of Windows
#
# If you would like to submit a bug report, please visit:
#   https://bugreport.java.com/bugreport/crash.jsp
# The crash happened outside the Java Virtual Machine in native code.
# See problematic frame for where to report the bug.
#

---------------  S U M M A R Y ------------

Command Line: --module-path=C:\javafx-sdk-11.0.2\lib --add-modules=javafx.controls,javafx.fxml -javaagent:C:\Program Files\JetBrains\IntelliJ IDEA Community Edition 2021.1\lib\idea_rt.jar=59441:C:\Program Files\JetBrains\IntelliJ IDEA Community Edition 2021.1\bin -Dfile.encoding=UTF-8 hu.unideb.inf.MainApp

Host: Intel(R) Core(TM) i7-4770 CPU @ 3.40GHz, 8 cores, 7G,  Windows 7 , 64 bit Build 7601 (6.1.7601.24545)
Time: Tue Apr 20 10:36:58 2021 Közép-európai nyári ido  elapsed time: 88.123858 seconds (0d 0h 1m 28s)

---------------  T H R E A D  ---------------

Current thread (0x00000000249e4870):  JavaThread "QuantumRenderer-0" daemon [_thread_in_native, id=56840, stack(0x0000000025ec0000,0x0000000025fc0000)]

Stack: [0x0000000025ec0000,0x0000000025fc0000],  sp=0x0000000025fbe3e0,  free space=1016k
Native frames: (J=compiled Java code, j=interpreted, Vv=VM code, C=native code)
C  [ntdll.dll+0x2a365]
C  [kernel32.dll+0x215aa]
C  [d3d9.dll+0x2319]

Java frames: (J=compiled Java code, j=interpreted, Vv=VM code)
j  com.sun.prism.d3d.D3DSwapChain.nPresent(JJ)I+0 javafx.graphics
j  com.sun.prism.d3d.D3DSwapChain.present()Z+16 javafx.graphics
j  com.sun.javafx.tk.quantum.PresentingPainter.run()V+446 javafx.graphics
j  java.util.concurrent.Executors$RunnableAdapter.call()Ljava/lang/Object;+4 java.base@15.0.1
j  java.util.concurrent.FutureTask.runAndReset()Z+44 java.base@15.0.1
j  com.sun.javafx.tk.RenderJob.run()V+1 javafx.graphics
j  java.util.concurrent.ThreadPoolExecutor.runWorker(Ljava/util/concurrent/ThreadPoolExecutor$Worker;)V+92 java.base@15.0.1
j  java.util.concurrent.ThreadPoolExecutor$Worker.run()V+5 java.base@15.0.1
j  com.sun.javafx.tk.quantum.QuantumRenderer$PipelineRunnable.run()V+8 javafx.graphics
j  java.lang.Thread.run()V+11 java.base@15.0.1
v  ~StubRoutines::call_stub

siginfo: EXCEPTION_ACCESS_VIOLATION (0xc0000005), reading address 0x000000002b69deb8


Register to memory mapping:

RIP=0x000000007767a365 ntdll.dll
RAX=0x0000002f6d2a976a is an unknown value
RBX=0x000000002b69deb0 is an unknown value
RCX=0x000000ffffffffff is an unknown value
RDX=0x0 is NULL
RSP=0x0000000025fbe3e0 is pointing into the stack for thread: 0x00000000249e4870
RBP=0x0000000025168b10 points into unknown readable memory: 0x0000000000000000 | 00 00 00 00 00 00 00 00
RSI=0x0 is NULL
RDI=0x0 is NULL
R8 =0x0000000025168b00 points into unknown readable memory: 0x0000000000000000 | 00 00 00 00 00 00 00 00
R9 =0x0000000000000007 is an unknown value
R10=0x0 is NULL
R11=0x0000009600680016 is an unknown value
R12=0x0000000002ae0000 points into unknown readable memory: 0x0000000000000000 | 00 00 00 00 00 00 00 00
R13=0x0000000025fbe6a0 is pointing into the stack for thread: 0x00000000249e4870
R14=0x0000000025fbea08 is pointing into the stack for thread: 0x00000000249e4870
R15=0x0000000000000178 is an unknown value


Registers:
RAX=0x0000002f6d2a976a, RBX=0x000000002b69deb0, RCX=0x000000ffffffffff, RDX=0x0000000000000000
RSP=0x0000000025fbe3e0, RBP=0x0000000025168b10, RSI=0x0000000000000000, RDI=0x0000000000000000
R8 =0x0000000025168b00, R9 =0x0000000000000007, R10=0x0000000000000000, R11=0x0000009600680016
R12=0x0000000002ae0000, R13=0x0000000025fbe6a0, R14=0x0000000025fbea08, R15=0x0000000000000178
RIP=0x000000007767a365, EFLAGS=0x0000000000010202

Top of Stack: (sp=0x0000000025fbe3e0)
0x0000000025fbe3e0:   0000000025fbe9e0 0000000026666b40
0x0000000025fbe3f0:   0000000000000008 0000000000000001
0x0000000025fbe400:   0000000025168b20 00000000775515aa
0x0000000025fbe410:   00000000266642a0 0000000025fbe6a0
0x0000000025fbe420:   0000000000000178 0000000025fbea08
0x0000000025fbe430:   0000000025fbe9e0 0000000025168b20
0x0000000025fbe440:   0000000026662b38 0000000000000178
0x0000000025fbe450:   0000000000000001 00000000775515aa
0x0000000025fbe460:   0000000026666b40 0000000025fbe6a0
0x0000000025fbe470:   0000000000000000 0000000025168b20
0x0000000025fbe480:   000000002659c628 000007fedf702319
0x0000000025fbe490:   0000000026598ca0 00000000266642a0
0x0000000025fbe4a0:   fffffffffffffffe 0000000000000000
0x0000000025fbe4b0:   0000000025168b20 000007fedf71a675
0x0000000025fbe4c0:   0000000000000001 0000000026662b38
0x0000000025fbe4d0:   0000000026662b38 0000000025168b20 

Instructions: (pc=0x000000007767a365)
0x000000007767a265:   04 25 30 00 00 00 b9 0d 00 00 c0 c7 80 50 12 00
0x000000007767a275:   00 0d 00 00 c0 65 48 8b 1c 25 30 00 00 00 e8 78
0x000000007767a285:   ba fe ff 89 43 68 32 c0 48 83 c4 50 41 5c 5f 5e
0x000000007767a295:   5d 5b c3 80 7d ff 05 75 64 8b 4d f8 f7 c7 02 01
0x000000007767a2a5:   00 3c 75 59 80 7d ff 05 4c 8d 4d f0 75 12 41 0f
0x000000007767a2b5:   b6 41 0e 48 c1 e0 04 4c 2b c8 49 83 c1 10 eb 03
0x000000007767a2c5:   4c 8b ce 85 c9 74 19 8d 41 ff 66 83 f8 03 73 10
0x000000007767a2d5:   4c 8d 15 4c 8e fd ff 0f b7 c0 4d 8b 14 c2 eb 03
0x000000007767a2e5:   4c 8b d6 c1 e9 10 ba 03 00 00 00 44 0f b7 c1 49
0x000000007767a2f5:   8b cc 41 ff d2 85 c0 0f 88 60 ff ff ff f6 43 0f
0x000000007767a305:   80 0f 84 a0 04 00 00 4c 89 ac 24 88 00 00 00 4c
0x000000007767a315:   89 74 24 48 4c 8d 45 f0 4c 89 7c 24 40 41 0f 0d
0x000000007767a325:   08 41 80 78 0f 05 75 0c 41 0f b6 40 0e 48 c1 e0
0x000000007767a335:   04 4c 2b c0 49 8b 40 08 49 8b d8 48 b9 ff ff ff
0x000000007767a345:   ff ff 00 00 00 49 33 dc 48 23 c1 48 c1 eb 04 48
0x000000007767a355:   33 d8 48 33 1d 3a 32 10 00 48 c1 e3 04 0f 0d 0b
0x000000007767a365:   48 8b 7b 08 49 bd 01 00 00 00 01 00 00 00 49 be
0x000000007767a375:   ff 7f 00 00 ff ff ff ff 41 c6 40 0f 80 41 88 70
0x000000007767a385:   0e 41 bf 00 00 ff ff 0f 1f 40 00 4c 8b 5b 10 4b
0x000000007767a395:   8d 14 2b 49 23 d6 66 3b 53 1c 75 3f 48 8b 0b 48
0x000000007767a3a5:   8b 81 a8 00 00 00 44 8b 48 20 8b 81 a4 00 00 00
0x000000007767a3b5:   44 8b 91 b0 00 00 00 83 f8 01 75 0e 45 3b ca 72
0x000000007767a3c5:   09 45 2b ca 41 83 f9 20 72 11 48 81 e2 00 00 ff
0x000000007767a3d5:   ff be 03 00 00 00 49 0b d7 eb 2a 49 8b c3 be 01
0x000000007767a3e5:   00 00 00 48 c1 e8 10 66 41 89 40 10 49 8b c0 48
0x000000007767a3f5:   2b c7 48 c1 e0 0c 48 25 00 00 ff ff 48 0b d0 48
0x000000007767a405:   8b 03 48 89 18 49 8b c3 f0 48 0f b1 53 10 0f 85
0x000000007767a415:   77 ff ff ff 4c 8b 7c 24 40 4c 8b 74 24 48 4c 8b
0x000000007767a425:   ac 24 88 00 00 00 66 45 85 db 75 75 8b 43 28 85
0x000000007767a435:   c0 74 6e a8 02 75 6a 8b c8 83 c9 02 f0 0f b1 4b
0x000000007767a445:   28 75 e9 4c 8b 03 45 33 c9 66 90 41 0f b7 80 b6
0x000000007767a455:   00 00 00 41 03 c1 83 e0 0f 8b c8 49 8b 54 c0 10 


Stack slot to memory mapping:
stack at sp + 0 slots: 0x0000000025fbe9e0 is pointing into the stack for thread: 0x00000000249e4870
stack at sp + 1 slots: 0x0000000026666b40 points into unknown readable memory: 0x000007fedf88c020 | 20 c0 88 df fe 07 00 00
stack at sp + 2 slots: 0x0000000000000008 is an unknown value
stack at sp + 3 slots: 0x0000000000000001 is an unknown value
stack at sp + 4 slots: 0x0000000025168b20 points into unknown readable memory: 0x000007fedf88b0b0 | b0 b0 88 df fe 07 00 00
stack at sp + 5 slots: 0x00000000775515aa kernel32.dll
stack at sp + 6 slots: 0x00000000266642a0 points into unknown readable memory: 0x00000000000000a7 | a7 00 00 00 00 00 00 00
stack at sp + 7 slots: 0x0000000025fbe6a0 is pointing into the stack for thread: 0x00000000249e4870


---------------  P R O C E S S  ---------------

Threads class SMR info:
_java_thread_list=0x0000000024b5cb30, length=19, elements={
0x00000000004d3650, 0x000000000e43c2e0, 0x000000000e43e960, 0x0000000022c73240,
0x0000000022c73b00, 0x0000000022c743c0, 0x0000000022c75b50, 0x0000000022c7ca10,
0x0000000022c92620, 0x0000000023cc6b30, 0x0000000024b11160, 0x0000000024b11630,
0x00000000249e4870, 0x0000000024813b10, 0x0000000024f016b0, 0x0000000025329a00,
0x0000000025017cb0, 0x000000002470eaf0, 0x000000002470efc0
}

Java Threads: ( => current thread )
  0x00000000004d3650 JavaThread "main" [_thread_blocked, id=74088, stack(0x00000000025e0000,0x00000000026e0000)]
  0x000000000e43c2e0 JavaThread "Reference Handler" daemon [_thread_blocked, id=73680, stack(0x00000000230a0000,0x00000000231a0000)]
  0x000000000e43e960 JavaThread "Finalizer" daemon [_thread_blocked, id=70908, stack(0x0000000022d50000,0x0000000022e50000)]
  0x0000000022c73240 JavaThread "Signal Dispatcher" daemon [_thread_blocked, id=56548, stack(0x00000000231d0000,0x00000000232d0000)]
  0x0000000022c73b00 JavaThread "Attach Listener" daemon [_thread_blocked, id=66480, stack(0x0000000023380000,0x0000000023480000)]
  0x0000000022c743c0 JavaThread "Service Thread" daemon [_thread_blocked, id=13784, stack(0x0000000023570000,0x0000000023670000)]
  0x0000000022c75b50 JavaThread "C2 CompilerThread0" daemon [_thread_blocked, id=61324, stack(0x0000000023720000,0x0000000023820000)]
  0x0000000022c7ca10 JavaThread "C1 CompilerThread0" daemon [_thread_blocked, id=75308, stack(0x00000000238a0000,0x00000000239a0000)]
  0x0000000022c92620 JavaThread "Sweeper thread" daemon [_thread_blocked, id=72628, stack(0x0000000023b70000,0x0000000023c70000)]
  0x0000000023cc6b30 JavaThread "Common-Cleaner" daemon [_thread_blocked, id=64704, stack(0x0000000024170000,0x0000000024270000)]
  0x0000000024b11160 JavaThread "Monitor Ctrl-Break" daemon [_thread_in_native, id=74360, stack(0x0000000025af0000,0x0000000025bf0000)]
  0x0000000024b11630 JavaThread "Notification Thread" daemon [_thread_blocked, id=12120, stack(0x0000000025c00000,0x0000000025d00000)]
=>0x00000000249e4870 JavaThread "QuantumRenderer-0" daemon [_thread_in_native, id=56840, stack(0x0000000025ec0000,0x0000000025fc0000)]
  0x0000000024813b10 JavaThread "InvokeLaterDispatcher" daemon [_thread_blocked, id=26160, stack(0x00000000267d0000,0x00000000268d0000)]
  0x0000000024f016b0 JavaThread "JavaFX Application Thread" [_thread_in_native, id=49312, stack(0x0000000026a50000,0x0000000026b50000)]
  0x0000000025329a00 JavaThread "JavaFX-Launcher" [_thread_blocked, id=72160, stack(0x0000000026930000,0x0000000026a30000)]
  0x0000000025017cb0 JavaThread "Thread-2" daemon [_thread_in_native, id=72344, stack(0x0000000028190000,0x0000000028290000)]
  0x000000002470eaf0 JavaThread "Prism Font Disposer" daemon [_thread_blocked, id=9428, stack(0x0000000029340000,0x0000000029440000)]
  0x000000002470efc0 JavaThread "Cleaner-0" daemon [_thread_blocked, id=53236, stack(0x000000002cfe0000,0x000000002d0e0000)]

Other Threads:
  0x000000000e438bc0 VMThread "VM Thread" [stack: 0x0000000022ef0000,0x0000000022ff0000] [id=58508]
  0x0000000024a1ddb0 WatcherThread [stack: 0x0000000025da0000,0x0000000025ea0000] [id=12160]
  0x0000000000511ce0 GCTaskThread "GC Thread#0" [stack: 0x000000000e530000,0x000000000e630000] [id=67016]
  0x00000000243a2b70 GCTaskThread "GC Thread#1" [stack: 0x0000000026360000,0x0000000026460000] [id=69716]
  0x00000000243a2ea0 GCTaskThread "GC Thread#2" [stack: 0x0000000028370000,0x0000000028470000] [id=65080]
  0x00000000243a31d0 GCTaskThread "GC Thread#3" [stack: 0x0000000026680000,0x0000000026780000] [id=73660]
  0x00000000243a3500 GCTaskThread "GC Thread#4" [stack: 0x00000000284d0000,0x00000000285d0000] [id=70948]
  0x0000000024701c60 GCTaskThread "GC Thread#5" [stack: 0x0000000028650000,0x0000000028750000] [id=38252]
  0x000000000e3443d0 ConcurrentGCThread "G1 Main Marker" [stack: 0x000000000e7a0000,0x000000000e8a0000] [id=72472]
  0x000000000051f340 ConcurrentGCThread "G1 Conc#0" [stack: 0x000000000e9b0000,0x000000000eab0000] [id=39320]
  0x000000000e3d2cc0 ConcurrentGCThread "G1 Refine#0" [stack: 0x0000000022230000,0x0000000022330000] [id=31484]
  0x000000000e3d3850 ConcurrentGCThread "G1 Young RemSet Sampling" [stack: 0x0000000022100000,0x0000000022200000] [id=64624]

Threads with active compile tasks:

VM state: not at safepoint (normal execution)

VM Mutex/Monitor currently owned by a thread: None

Heap address: 0x0000000081c00000, size: 2020 MB, Compressed Oops mode: 32-bit
CDS archive(s) mapped at: [0x0000000800000000-0x0000000800b50000-0x0000000800b50000), size 11862016, SharedBaseAddress: 0x0000000800000000, ArchiveRelocationMode: 0.
Compressed class space mapped at: 0x0000000800b50000-0x0000000840b50000, size: 1073741824
Narrow klass base: 0x0000000800000000, Narrow klass shift: 3, Narrow klass range: 0x100000000

GC Precious Log:
 CPUs: 8 total, 8 available
 Memory: 8079M
 Large Page Support: Disabled
 NUMA Support: Disabled
 Compressed Oops: Enabled (32-bit)
 Heap Region Size: 1M
 Heap Min Capacity: 8M
 Heap Initial Capacity: 128M
 Heap Max Capacity: 2020M
 Pre-touch: Disabled
 Parallel Workers: 8
 Concurrent Workers: 2
 Concurrent Refinement Workers: 8
 Periodic GC: Disabled

Heap:
 garbage-first heap   total 131072K, used 15868K [0x0000000081c00000, 0x0000000100000000)
  region size 1024K, 10 young (10240K), 4 survivors (4096K)
 Metaspace       used 16158K, capacity 16407K, committed 16640K, reserved 1062912K
  class space    used 2152K, capacity 2221K, committed 2304K, reserved 1048576K

Heap Regions: E=young(eden), S=young(survivor), O=old, HS=humongous(starts), HC=humongous(continues), CS=collection set, F=free, OA=open archive, CA=closed archive, TAMS=top-at-mark-start (previous, next)
|   0|0x0000000081c00000, 0x0000000081d00000, 0x0000000081d00000|100%| O|  |TAMS 0x0000000081c00000, 0x0000000081c00000| Untracked 
|   1|0x0000000081d00000, 0x0000000081e00000, 0x0000000081e00000|100%| O|  |TAMS 0x0000000081d00000, 0x0000000081d00000| Untracked 
|   2|0x0000000081e00000, 0x0000000081f00000, 0x0000000081f00000|100%|HS|  |TAMS 0x0000000081e00000, 0x0000000081e00000| Complete 
|   3|0x0000000081f00000, 0x0000000082000000, 0x0000000082000000|100%|HC|  |TAMS 0x0000000081f00000, 0x0000000081f00000| Complete 
|   4|0x0000000082000000, 0x0000000082100000, 0x0000000082100000|100%| O|  |TAMS 0x0000000082000000, 0x0000000082000000| Untracked 
|   5|0x0000000082100000, 0x0000000082200000, 0x0000000082200000|100%| O|  |TAMS 0x0000000082100000, 0x0000000082100000| Untracked 
|   6|0x0000000082200000, 0x00000000822b9e00, 0x0000000082300000| 72%| O|  |TAMS 0x0000000082200000, 0x0000000082200000| Untracked 
|   7|0x0000000082300000, 0x0000000082300000, 0x0000000082400000|  0%| F|  |TAMS 0x0000000082300000, 0x0000000082300000| Untracked 
|   8|0x0000000082400000, 0x0000000082400000, 0x0000000082500000|  0%| F|  |TAMS 0x0000000082400000, 0x0000000082400000| Untracked 
|   9|0x0000000082500000, 0x0000000082500000, 0x0000000082600000|  0%| F|  |TAMS 0x0000000082500000, 0x0000000082500000| Untracked 
|  10|0x0000000082600000, 0x0000000082600000, 0x0000000082700000|  0%| F|  |TAMS 0x0000000082600000, 0x0000000082600000| Untracked 
|  11|0x0000000082700000, 0x0000000082700000, 0x0000000082800000|  0%| F|  |TAMS 0x0000000082700000, 0x0000000082700000| Untracked 
|  12|0x0000000082800000, 0x0000000082800000, 0x0000000082900000|  0%| F|  |TAMS 0x0000000082800000, 0x0000000082800000| Untracked 
|  13|0x0000000082900000, 0x0000000082900000, 0x0000000082a00000|  0%| F|  |TAMS 0x0000000082900000, 0x0000000082900000| Untracked 
|  14|0x0000000082a00000, 0x0000000082a00000, 0x0000000082b00000|  0%| F|  |TAMS 0x0000000082a00000, 0x0000000082a00000| Untracked 
|  15|0x0000000082b00000, 0x0000000082b00000, 0x0000000082c00000|  0%| F|  |TAMS 0x0000000082b00000, 0x0000000082b00000| Untracked 
|  16|0x0000000082c00000, 0x0000000082c00000, 0x0000000082d00000|  0%| F|  |TAMS 0x0000000082c00000, 0x0000000082c00000| Untracked 
|  17|0x0000000082d00000, 0x0000000082d00000, 0x0000000082e00000|  0%| F|  |TAMS 0x0000000082d00000, 0x0000000082d00000| Untracked 
|  18|0x0000000082e00000, 0x0000000082e00000, 0x0000000082f00000|  0%| F|  |TAMS 0x0000000082e00000, 0x0000000082e00000| Untracked 
|  19|0x0000000082f00000, 0x0000000082f00000, 0x0000000083000000|  0%| F|  |TAMS 0x0000000082f00000, 0x0000000082f00000| Untracked 
|  20|0x0000000083000000, 0x0000000083000000, 0x0000000083100000|  0%| F|  |TAMS 0x0000000083000000, 0x0000000083000000| Untracked 
|  21|0x0000000083100000, 0x0000000083100000, 0x0000000083200000|  0%| F|  |TAMS 0x0000000083100000, 0x0000000083100000| Untracked 
|  22|0x0000000083200000, 0x0000000083200000, 0x0000000083300000|  0%| F|  |TAMS 0x0000000083200000, 0x0000000083200000| Untracked 
|  23|0x0000000083300000, 0x0000000083300000, 0x0000000083400000|  0%| F|  |TAMS 0x0000000083300000, 0x0000000083300000| Untracked 
|  24|0x0000000083400000, 0x0000000083400000, 0x0000000083500000|  0%| F|  |TAMS 0x0000000083400000, 0x0000000083400000| Untracked 
|  25|0x0000000083500000, 0x0000000083500000, 0x0000000083600000|  0%| F|  |TAMS 0x0000000083500000, 0x0000000083500000| Untracked 
|  26|0x0000000083600000, 0x0000000083600000, 0x0000000083700000|  0%| F|  |TAMS 0x0000000083600000, 0x0000000083600000| Untracked 
|  27|0x0000000083700000, 0x0000000083700000, 0x0000000083800000|  0%| F|  |TAMS 0x0000000083700000, 0x0000000083700000| Untracked 
|  28|0x0000000083800000, 0x0000000083800000, 0x0000000083900000|  0%| F|  |TAMS 0x0000000083800000, 0x0000000083800000| Untracked 
|  29|0x0000000083900000, 0x0000000083900000, 0x0000000083a00000|  0%| F|  |TAMS 0x0000000083900000, 0x0000000083900000| Untracked 
|  30|0x0000000083a00000, 0x0000000083a00000, 0x0000000083b00000|  0%| F|  |TAMS 0x0000000083a00000, 0x0000000083a00000| Untracked 
|  31|0x0000000083b00000, 0x0000000083b00000, 0x0000000083c00000|  0%| F|  |TAMS 0x0000000083b00000, 0x0000000083b00000| Untracked 
|  32|0x0000000083c00000, 0x0000000083c00000, 0x0000000083d00000|  0%| F|  |TAMS 0x0000000083c00000, 0x0000000083c00000| Untracked 
|  33|0x0000000083d00000, 0x0000000083d00000, 0x0000000083e00000|  0%| F|  |TAMS 0x0000000083d00000, 0x0000000083d00000| Untracked 
|  34|0x0000000083e00000, 0x0000000083e00000, 0x0000000083f00000|  0%| F|  |TAMS 0x0000000083e00000, 0x0000000083e00000| Untracked 
|  35|0x0000000083f00000, 0x0000000083f00000, 0x0000000084000000|  0%| F|  |TAMS 0x0000000083f00000, 0x0000000083f00000| Untracked 
|  36|0x0000000084000000, 0x0000000084000000, 0x0000000084100000|  0%| F|  |TAMS 0x0000000084000000, 0x0000000084000000| Untracked 
|  37|0x0000000084100000, 0x0000000084100000, 0x0000000084200000|  0%| F|  |TAMS 0x0000000084100000, 0x0000000084100000| Untracked 
|  38|0x0000000084200000, 0x0000000084200000, 0x0000000084300000|  0%| F|  |TAMS 0x0000000084200000, 0x0000000084200000| Untracked 
|  39|0x0000000084300000, 0x0000000084300000, 0x0000000084400000|  0%| F|  |TAMS 0x0000000084300000, 0x0000000084300000| Untracked 
|  40|0x0000000084400000, 0x0000000084400000, 0x0000000084500000|  0%| F|  |TAMS 0x0000000084400000, 0x0000000084400000| Untracked 
|  41|0x0000000084500000, 0x0000000084500000, 0x0000000084600000|  0%| F|  |TAMS 0x0000000084500000, 0x0000000084500000| Untracked 
|  42|0x0000000084600000, 0x0000000084600000, 0x0000000084700000|  0%| F|  |TAMS 0x0000000084600000, 0x0000000084600000| Untracked 
|  43|0x0000000084700000, 0x0000000084700000, 0x0000000084800000|  0%| F|  |TAMS 0x0000000084700000, 0x0000000084700000| Untracked 
|  44|0x0000000084800000, 0x0000000084800000, 0x0000000084900000|  0%| F|  |TAMS 0x0000000084800000, 0x0000000084800000| Untracked 
|  45|0x0000000084900000, 0x0000000084900000, 0x0000000084a00000|  0%| F|  |TAMS 0x0000000084900000, 0x0000000084900000| Untracked 
|  46|0x0000000084a00000, 0x0000000084a00000, 0x0000000084b00000|  0%| F|  |TAMS 0x0000000084a00000, 0x0000000084a00000| Untracked 
|  47|0x0000000084b00000, 0x0000000084b00000, 0x0000000084c00000|  0%| F|  |TAMS 0x0000000084b00000, 0x0000000084b00000| Untracked 
|  48|0x0000000084c00000, 0x0000000084c00000, 0x0000000084d00000|  0%| F|  |TAMS 0x0000000084c00000, 0x0000000084c00000| Untracked 
|  49|0x0000000084d00000, 0x0000000084d00000, 0x0000000084e00000|  0%| F|  |TAMS 0x0000000084d00000, 0x0000000084d00000| Untracked 
|  50|0x0000000084e00000, 0x0000000084e00000, 0x0000000084f00000|  0%| F|  |TAMS 0x0000000084e00000, 0x0000000084e00000| Untracked 
|  51|0x0000000084f00000, 0x0000000084f00000, 0x0000000085000000|  0%| F|  |TAMS 0x0000000084f00000, 0x0000000084f00000| Untracked 
|  52|0x0000000085000000, 0x0000000085000000, 0x0000000085100000|  0%| F|  |TAMS 0x0000000085000000, 0x0000000085000000| Untracked 
|  53|0x0000000085100000, 0x0000000085100000, 0x0000000085200000|  0%| F|  |TAMS 0x0000000085100000, 0x0000000085100000| Untracked 
|  54|0x0000000085200000, 0x0000000085200000, 0x0000000085300000|  0%| F|  |TAMS 0x0000000085200000, 0x0000000085200000| Untracked 
|  55|0x0000000085300000, 0x0000000085300000, 0x0000000085400000|  0%| F|  |TAMS 0x0000000085300000, 0x0000000085300000| Untracked 
|  56|0x0000000085400000, 0x0000000085400000, 0x0000000085500000|  0%| F|  |TAMS 0x0000000085400000, 0x0000000085400000| Untracked 
|  57|0x0000000085500000, 0x0000000085500000, 0x0000000085600000|  0%| F|  |TAMS 0x0000000085500000, 0x0000000085500000| Untracked 
|  58|0x0000000085600000, 0x0000000085600000, 0x0000000085700000|  0%| F|  |TAMS 0x0000000085600000, 0x0000000085600000| Untracked 
|  59|0x0000000085700000, 0x0000000085700000, 0x0000000085800000|  0%| F|  |TAMS 0x0000000085700000, 0x0000000085700000| Untracked 
|  60|0x0000000085800000, 0x0000000085800000, 0x0000000085900000|  0%| F|  |TAMS 0x0000000085800000, 0x0000000085800000| Untracked 
|  61|0x0000000085900000, 0x0000000085900000, 0x0000000085a00000|  0%| F|  |TAMS 0x0000000085900000, 0x0000000085900000| Untracked 
|  62|0x0000000085a00000, 0x0000000085a00000, 0x0000000085b00000|  0%| F|  |TAMS 0x0000000085a00000, 0x0000000085a00000| Untracked 
|  63|0x0000000085b00000, 0x0000000085b00000, 0x0000000085c00000|  0%| F|  |TAMS 0x0000000085b00000, 0x0000000085b00000| Untracked 
|  64|0x0000000085c00000, 0x0000000085c00000, 0x0000000085d00000|  0%| F|  |TAMS 0x0000000085c00000, 0x0000000085c00000| Untracked 
|  65|0x0000000085d00000, 0x0000000085d00000, 0x0000000085e00000|  0%| F|  |TAMS 0x0000000085d00000, 0x0000000085d00000| Untracked 
|  66|0x0000000085e00000, 0x0000000085e00000, 0x0000000085f00000|  0%| F|  |TAMS 0x0000000085e00000, 0x0000000085e00000| Untracked 
|  67|0x0000000085f00000, 0x0000000085f00000, 0x0000000086000000|  0%| F|  |TAMS 0x0000000085f00000, 0x0000000085f00000| Untracked 
|  68|0x0000000086000000, 0x0000000086000000, 0x0000000086100000|  0%| F|  |TAMS 0x0000000086000000, 0x0000000086000000| Untracked 
|  69|0x0000000086100000, 0x0000000086100000, 0x0000000086200000|  0%| F|  |TAMS 0x0000000086100000, 0x0000000086100000| Untracked 
|  70|0x0000000086200000, 0x0000000086200000, 0x0000000086300000|  0%| F|  |TAMS 0x0000000086200000, 0x0000000086200000| Untracked 
|  71|0x0000000086300000, 0x0000000086300000, 0x0000000086400000|  0%| F|  |TAMS 0x0000000086300000, 0x0000000086300000| Untracked 
|  72|0x0000000086400000, 0x0000000086400000, 0x0000000086500000|  0%| F|  |TAMS 0x0000000086400000, 0x0000000086400000| Untracked 
|  73|0x0000000086500000, 0x0000000086500000, 0x0000000086600000|  0%| F|  |TAMS 0x0000000086500000, 0x0000000086500000| Untracked 
|  74|0x0000000086600000, 0x0000000086600000, 0x0000000086700000|  0%| F|  |TAMS 0x0000000086600000, 0x0000000086600000| Untracked 
|  75|0x0000000086700000, 0x0000000086700000, 0x0000000086800000|  0%| F|  |TAMS 0x0000000086700000, 0x0000000086700000| Untracked 
|  76|0x0000000086800000, 0x0000000086800000, 0x0000000086900000|  0%| F|  |TAMS 0x0000000086800000, 0x0000000086800000| Untracked 
|  77|0x0000000086900000, 0x0000000086900000, 0x0000000086a00000|  0%| F|  |TAMS 0x0000000086900000, 0x0000000086900000| Untracked 
|  78|0x0000000086a00000, 0x0000000086a00000, 0x0000000086b00000|  0%| F|  |TAMS 0x0000000086a00000, 0x0000000086a00000| Untracked 
|  79|0x0000000086b00000, 0x0000000086b00000, 0x0000000086c00000|  0%| F|  |TAMS 0x0000000086b00000, 0x0000000086b00000| Untracked 
|  80|0x0000000086c00000, 0x0000000086c00000, 0x0000000086d00000|  0%| F|  |TAMS 0x0000000086c00000, 0x0000000086c00000| Untracked 
|  81|0x0000000086d00000, 0x0000000086d00000, 0x0000000086e00000|  0%| F|  |TAMS 0x0000000086d00000, 0x0000000086d00000| Untracked 
|  82|0x0000000086e00000, 0x0000000086e00000, 0x0000000086f00000|  0%| F|  |TAMS 0x0000000086e00000, 0x0000000086e00000| Untracked 
|  83|0x0000000086f00000, 0x0000000086f00000, 0x0000000087000000|  0%| F|  |TAMS 0x0000000086f00000, 0x0000000086f00000| Untracked 
|  84|0x0000000087000000, 0x0000000087000000, 0x0000000087100000|  0%| F|  |TAMS 0x0000000087000000, 0x0000000087000000| Untracked 
|  85|0x0000000087100000, 0x0000000087100000, 0x0000000087200000|  0%| F|  |TAMS 0x0000000087100000, 0x0000000087100000| Untracked 
|  86|0x0000000087200000, 0x0000000087200000, 0x0000000087300000|  0%| F|  |TAMS 0x0000000087200000, 0x0000000087200000| Untracked 
|  87|0x0000000087300000, 0x0000000087300000, 0x0000000087400000|  0%| F|  |TAMS 0x0000000087300000, 0x0000000087300000| Untracked 
|  88|0x0000000087400000, 0x0000000087400000, 0x0000000087500000|  0%| F|  |TAMS 0x0000000087400000, 0x0000000087400000| Untracked 
|  89|0x0000000087500000, 0x0000000087500000, 0x0000000087600000|  0%| F|  |TAMS 0x0000000087500000, 0x0000000087500000| Untracked 
|  90|0x0000000087600000, 0x0000000087600000, 0x0000000087700000|  0%| F|  |TAMS 0x0000000087600000, 0x0000000087600000| Untracked 
|  91|0x0000000087700000, 0x0000000087700000, 0x0000000087800000|  0%| F|  |TAMS 0x0000000087700000, 0x0000000087700000| Untracked 
|  92|0x0000000087800000, 0x00000000878c5240, 0x0000000087900000| 77%| S|CS|TAMS 0x0000000087800000, 0x0000000087800000| Complete 
|  93|0x0000000087900000, 0x0000000087a00000, 0x0000000087a00000|100%| S|CS|TAMS 0x0000000087900000, 0x0000000087900000| Complete 
|  94|0x0000000087a00000, 0x0000000087b00000, 0x0000000087b00000|100%| S|CS|TAMS 0x0000000087a00000, 0x0000000087a00000| Complete 
|  95|0x0000000087b00000, 0x0000000087c00000, 0x0000000087c00000|100%| S|CS|TAMS 0x0000000087b00000, 0x0000000087b00000| Complete 
|  96|0x0000000087c00000, 0x0000000087c00000, 0x0000000087d00000|  0%| F|  |TAMS 0x0000000087c00000, 0x0000000087c00000| Untracked 
|  97|0x0000000087d00000, 0x0000000087d00000, 0x0000000087e00000|  0%| F|  |TAMS 0x0000000087d00000, 0x0000000087d00000| Untracked 
|  98|0x0000000087e00000, 0x0000000087e00000, 0x0000000087f00000|  0%| F|  |TAMS 0x0000000087e00000, 0x0000000087e00000| Untracked 
|  99|0x0000000087f00000, 0x0000000087f00000, 0x0000000088000000|  0%| F|  |TAMS 0x0000000087f00000, 0x0000000087f00000| Untracked 
| 100|0x0000000088000000, 0x0000000088000000, 0x0000000088100000|  0%| F|  |TAMS 0x0000000088000000, 0x0000000088000000| Untracked 
| 101|0x0000000088100000, 0x0000000088100000, 0x0000000088200000|  0%| F|  |TAMS 0x0000000088100000, 0x0000000088100000| Untracked 
| 102|0x0000000088200000, 0x0000000088200000, 0x0000000088300000|  0%| F|  |TAMS 0x0000000088200000, 0x0000000088200000| Untracked 
| 103|0x0000000088300000, 0x0000000088300000, 0x0000000088400000|  0%| F|  |TAMS 0x0000000088300000, 0x0000000088300000| Untracked 
| 104|0x0000000088400000, 0x0000000088400000, 0x0000000088500000|  0%| F|  |TAMS 0x0000000088400000, 0x0000000088400000| Untracked 
| 105|0x0000000088500000, 0x0000000088500000, 0x0000000088600000|  0%| F|  |TAMS 0x0000000088500000, 0x0000000088500000| Untracked 
| 106|0x0000000088600000, 0x0000000088600000, 0x0000000088700000|  0%| F|  |TAMS 0x0000000088600000, 0x0000000088600000| Untracked 
| 107|0x0000000088700000, 0x0000000088700000, 0x0000000088800000|  0%| F|  |TAMS 0x0000000088700000, 0x0000000088700000| Untracked 
| 108|0x0000000088800000, 0x0000000088800000, 0x0000000088900000|  0%| F|  |TAMS 0x0000000088800000, 0x0000000088800000| Untracked 
| 109|0x0000000088900000, 0x0000000088900000, 0x0000000088a00000|  0%| F|  |TAMS 0x0000000088900000, 0x0000000088900000| Untracked 
| 110|0x0000000088a00000, 0x0000000088a00000, 0x0000000088b00000|  0%| F|  |TAMS 0x0000000088a00000, 0x0000000088a00000| Untracked 
| 111|0x0000000088b00000, 0x0000000088b00000, 0x0000000088c00000|  0%| F|  |TAMS 0x0000000088b00000, 0x0000000088b00000| Untracked 
| 112|0x0000000088c00000, 0x0000000088c00000, 0x0000000088d00000|  0%| F|  |TAMS 0x0000000088c00000, 0x0000000088c00000| Untracked 
| 113|0x0000000088d00000, 0x0000000088d00000, 0x0000000088e00000|  0%| F|  |TAMS 0x0000000088d00000, 0x0000000088d00000| Untracked 
| 114|0x0000000088e00000, 0x0000000088e00000, 0x0000000088f00000|  0%| F|  |TAMS 0x0000000088e00000, 0x0000000088e00000| Untracked 
| 115|0x0000000088f00000, 0x0000000088f00000, 0x0000000089000000|  0%| F|  |TAMS 0x0000000088f00000, 0x0000000088f00000| Untracked 
| 116|0x0000000089000000, 0x0000000089000000, 0x0000000089100000|  0%| F|  |TAMS 0x0000000089000000, 0x0000000089000000| Untracked 
| 117|0x0000000089100000, 0x0000000089100000, 0x0000000089200000|  0%| F|  |TAMS 0x0000000089100000, 0x0000000089100000| Untracked 
| 118|0x0000000089200000, 0x0000000089200000, 0x0000000089300000|  0%| F|  |TAMS 0x0000000089200000, 0x0000000089200000| Untracked 
| 119|0x0000000089300000, 0x0000000089300000, 0x0000000089400000|  0%| F|  |TAMS 0x0000000089300000, 0x0000000089300000| Untracked 
| 120|0x0000000089400000, 0x0000000089400000, 0x0000000089500000|  0%| F|  |TAMS 0x0000000089400000, 0x0000000089400000| Untracked 
| 121|0x0000000089500000, 0x0000000089500000, 0x0000000089600000|  0%| F|  |TAMS 0x0000000089500000, 0x0000000089500000| Untracked 
| 122|0x0000000089600000, 0x0000000089680800, 0x0000000089700000| 50%| E|  |TAMS 0x0000000089600000, 0x0000000089600000| Complete 
| 123|0x0000000089700000, 0x0000000089800000, 0x0000000089800000|100%| E|CS|TAMS 0x0000000089700000, 0x0000000089700000| Complete 
| 124|0x0000000089800000, 0x0000000089900000, 0x0000000089900000|100%| E|CS|TAMS 0x0000000089800000, 0x0000000089800000| Complete 
| 125|0x0000000089900000, 0x0000000089a00000, 0x0000000089a00000|100%| E|CS|TAMS 0x0000000089900000, 0x0000000089900000| Complete 
| 126|0x0000000089a00000, 0x0000000089b00000, 0x0000000089b00000|100%| E|CS|TAMS 0x0000000089a00000, 0x0000000089a00000| Complete 
| 127|0x0000000089b00000, 0x0000000089c00000, 0x0000000089c00000|100%| E|CS|TAMS 0x0000000089b00000, 0x0000000089b00000| Complete 

Card table byte_map: [0x000000000bbb0000,0x000000000bfb0000] _byte_map_base: 0x000000000b7a2000

Marking Bits (Prev, Next): (CMBitMap*) 0x0000000000512460, (CMBitMap*) 0x00000000005124a0
 Prev Bits: [0x000000000c3b0000, 0x000000000e340000)
 Next Bits: [0x000000001e010000, 0x000000001ffa0000)

Polling page: 0x00000000006c0000

Metaspace:

Usage:
  Non-class:     13.85 MB capacity,    13.68 MB ( 99%) used,   158.09 KB (  1%) free+waste,    22.44 KB ( <1%) overhead. 
      Class:      2.17 MB capacity,     2.10 MB ( 97%) used,    58.66 KB (  3%) free+waste,     9.56 KB ( <1%) overhead. 
       Both:     16.02 MB capacity,    15.78 MB ( 98%) used,   216.76 KB (  1%) free+waste,    32.00 KB ( <1%) overhead. 

Virtual space:
  Non-class space:       14.00 MB reserved,      14.00 MB (100%) committed 
      Class space:        1.00 GB reserved,       2.25 MB ( <1%) committed 
             Both:        1.01 GB reserved,      16.25 MB (  2%) committed 

Chunk freelists:
   Non-Class:  22.00 KB
       Class:  19.00 KB
        Both:  41.00 KB

MaxMetaspaceSize: 17179869184.00 GB
CompressedClassSpaceSize: 1.00 GB

CodeHeap 'non-profiled nmethods': size=120000Kb used=1028Kb max_used=1028Kb free=118971Kb
 bounds [0x0000000016ae0000, 0x0000000016d50000, 0x000000001e010000]
CodeHeap 'profiled nmethods': size=120000Kb used=4864Kb max_used=4864Kb free=115135Kb
 bounds [0x000000000f5b0000, 0x000000000fa80000, 0x0000000016ae0000]
CodeHeap 'non-nmethods': size=5760Kb used=1442Kb max_used=1503Kb free=4317Kb
 bounds [0x000000000f010000, 0x000000000f280000, 0x000000000f5b0000]
 total_blobs=3600 nmethods=2829 adapters=683
 compilation: enabled
              stopped_count=0, restarted_count=0
 full_count=0

Compilation events (20 events):
Event: 86.040 Thread 0x0000000022c7ca10 2821       3       com.sun.marlin.IntArrayCache$Reference::putArray (9 bytes)
Event: 86.040 Thread 0x0000000022c7ca10 nmethod 2821 0x000000000fa6aa90 code [0x000000000fa6ac40, 0x000000000fa6ad88]
Event: 86.438 Thread 0x0000000022c75b50 2822       4       com.sun.javafx.tk.quantum.QuantumToolkit$$Lambda$92/0x0000000800bea868::run (8 bytes)
Event: 86.443 Thread 0x0000000022c75b50 nmethod 2822 0x0000000016be0810 code [0x0000000016be09e0, 0x0000000016be0c68]
Event: 86.535 Thread 0x0000000022c7ca10 2823       3       com.sun.javafx.geom.RectBounds::contains (70 bytes)
Event: 86.535 Thread 0x0000000022c7ca10 nmethod 2823 0x000000000fa6ae90 code [0x000000000fa6b060, 0x000000000fa6b638]
Event: 86.535 Thread 0x0000000022c7ca10 2824       3       com.sun.javafx.geom.BoxBounds::deriveWithNewBounds (95 bytes)
Event: 86.536 Thread 0x0000000022c7ca10 nmethod 2824 0x000000000fa6b710 code [0x000000000fa6b960, 0x000000000fa6c3a8]
Event: 87.030 Thread 0x0000000022c7ca10 2825       3       javafx.beans.property.DoublePropertyBase::markInvalid (21 bytes)
Event: 87.031 Thread 0x0000000022c7ca10 nmethod 2825 0x000000000fa6c590 code [0x000000000fa6c740, 0x000000000fa6ca18]
Event: 87.031 Thread 0x0000000022c7ca10 2826       3       com.sun.javafx.geom.DirtyRegionContainer::getDirtyRegion (7 bytes)
Event: 87.031 Thread 0x0000000022c7ca10 nmethod 2826 0x000000000fa6cb10 code [0x000000000fa6cca0, 0x000000000fa6cdd8]
Event: 87.031 Thread 0x0000000022c7ca10 2827       3       com.sun.javafx.sg.prism.NGGroup::markCullRegions (200 bytes)
Event: 87.032 Thread 0x0000000022c7ca10 nmethod 2827 0x000000000fa6ce90 code [0x000000000fa6d180, 0x000000000fa6e608]
Event: 87.543 Thread 0x0000000022c7ca10 2828       3       com.sun.javafx.geom.transform.Affine3D::deriveWithConcatenation (7 bytes)
Event: 87.544 Thread 0x0000000022c7ca10 nmethod 2828 0x000000000fa6ef90 code [0x000000000fa6f140, 0x000000000fa6f288]
Event: 87.544 Thread 0x0000000022c75b50 2829       4       java.util.Collections$UnmodifiableCollection$1::hasNext (10 bytes)
Event: 87.545 Thread 0x0000000022c75b50 nmethod 2829 0x0000000016be1010 code [0x0000000016be11a0, 0x0000000016be1278]
Event: 88.038 Thread 0x0000000022c7ca10 2830       3       com.sun.javafx.sg.prism.NGNode::computeNodeRenderRoot (112 bytes)
Event: 88.040 Thread 0x0000000022c7ca10 nmethod 2830 0x000000000fa6f390 code [0x000000000fa6f5c0, 0x000000000fa6fe48]

GC Heap History (4 events):
Event: 0.565 GC heap before
{Heap before GC invocations=0 (full 0):
 garbage-first heap   total 131072K, used 22528K [0x0000000081c00000, 0x0000000100000000)
  region size 1024K, 23 young (23552K), 0 survivors (0K)
 Metaspace       used 6955K, capacity 8360K, committed 8704K, reserved 1056768K
  class space    used 820K, capacity 927K, committed 1024K, reserved 1048576K
}
Event: 0.570 GC heap after
{Heap after GC invocations=1 (full 0):
 garbage-first heap   total 131072K, used 4369K [0x0000000081c00000, 0x0000000100000000)
  region size 1024K, 3 young (3072K), 3 survivors (3072K)
 Metaspace       used 6955K, capacity 8360K, committed 8704K, reserved 1056768K
  class space    used 820K, capacity 927K, committed 1024K, reserved 1048576K
}
Event: 1.184 GC heap before
{Heap before GC invocations=1 (full 0):
 garbage-first heap   total 131072K, used 36113K [0x0000000081c00000, 0x0000000100000000)
  region size 1024K, 32 young (32768K), 3 survivors (3072K)
 Metaspace       used 14817K, capacity 15076K, committed 15360K, reserved 1062912K
  class space    used 2093K, capacity 2185K, committed 2304K, reserved 1048576K
}
Event: 1.191 GC heap after
{Heap after GC invocations=2 (full 0):
 garbage-first heap   total 131072K, used 10748K [0x0000000081c00000, 0x0000000100000000)
  region size 1024K, 4 young (4096K), 4 survivors (4096K)
 Metaspace       used 14817K, capacity 15076K, committed 15360K, reserved 1062912K
  class space    used 2093K, capacity 2185K, committed 2304K, reserved 1048576K
}

Deoptimization events (20 events):
Event: 81.787 Thread 0x0000000024f016b0 Uncommon trap: trap_request=0xffffff45 fr.pc=0x0000000016ba8730 relative=0x0000000000000110
Event: 81.787 Thread 0x0000000024f016b0 Uncommon trap: reason=unstable_if action=reinterpret pc=0x0000000016ba8730 method=com.sun.javafx.text.TextRun.getPosX(I)F @ 75 c2
Event: 81.787 Thread 0x0000000024f016b0 DEOPT PACKING pc=0x0000000016ba8730 sp=0x0000000026b4bf50
Event: 81.787 Thread 0x0000000024f016b0 DEOPT UNPACKING pc=0x000000000f05e42f sp=0x0000000026b4bee8 mode 2
Event: 83.738 Thread 0x0000000024f016b0 Uncommon trap: trap_request=0xffffff45 fr.pc=0x0000000016b50ffc relative=0x00000000000003dc
Event: 83.738 Thread 0x0000000024f016b0 Uncommon trap: reason=unstable_if action=reinterpret pc=0x0000000016b50ffc method=java.lang.AbstractStringBuilder.append(C)Ljava/lang/AbstractStringBuilder; @ 21 c2
Event: 83.738 Thread 0x0000000024f016b0 DEOPT PACKING pc=0x0000000016b50ffc sp=0x0000000026b4c510
Event: 83.738 Thread 0x0000000024f016b0 DEOPT UNPACKING pc=0x000000000f05e42f sp=0x0000000026b4c498 mode 2
Event: 83.738 Thread 0x0000000024f016b0 Uncommon trap: trap_request=0xffffff45 fr.pc=0x0000000016b534f0 relative=0x0000000000000350
Event: 83.738 Thread 0x0000000024f016b0 Uncommon trap: reason=unstable_if action=reinterpret pc=0x0000000016b534f0 method=java.lang.AbstractStringBuilder.isLatin1()Z @ 10 c2
Event: 83.738 Thread 0x0000000024f016b0 DEOPT PACKING pc=0x0000000016b534f0 sp=0x0000000026b4c520
Event: 83.738 Thread 0x0000000024f016b0 DEOPT UNPACKING pc=0x000000000f05e42f sp=0x0000000026b4c4a0 mode 2
Event: 83.738 Thread 0x0000000024f016b0 Uncommon trap: trap_request=0xffffff45 fr.pc=0x0000000016aee2bc relative=0x000000000000021c
Event: 83.738 Thread 0x0000000024f016b0 Uncommon trap: reason=unstable_if action=reinterpret pc=0x0000000016aee2bc method=java.lang.String.isLatin1()Z @ 10 c2
Event: 83.738 Thread 0x0000000024f016b0 DEOPT PACKING pc=0x0000000016aee2bc sp=0x0000000026b4c890
Event: 83.738 Thread 0x0000000024f016b0 DEOPT UNPACKING pc=0x000000000f05e42f sp=0x0000000026b4c7c8 mode 2
Event: 83.914 Thread 0x0000000024f016b0 Uncommon trap: trap_request=0xffffff45 fr.pc=0x0000000016b6ca68 relative=0x00000000000003c8
Event: 83.914 Thread 0x0000000024f016b0 Uncommon trap: reason=unstable_if action=reinterpret pc=0x0000000016b6ca68 method=java.lang.AbstractStringBuilder.append(C)Ljava/lang/AbstractStringBuilder; @ 21 c2
Event: 83.914 Thread 0x0000000024f016b0 DEOPT PACKING pc=0x0000000016b6ca68 sp=0x0000000026b4c4d0
Event: 83.914 Thread 0x0000000024f016b0 DEOPT UNPACKING pc=0x000000000f05e42f sp=0x0000000026b4c4b0 mode 2

Classes unloaded (0 events):
No events

Classes redefined (0 events):
No events

Internal exceptions (20 events):
Event: 0.510 Thread 0x0000000024f016b0 Exception <a 'java/lang/NullPointerException'{0x0000000088641cb8}> (0x0000000088641cb8) 
thrown [./open/src/hotspot/share/interpreter/linkResolver.cpp, line 1374]
Event: 0.513 Thread 0x0000000024f016b0 Exception <a 'java/lang/NoSuchMethodError'{0x0000000088660720}: 'void java.lang.invoke.DirectMethodHandle$Holder.invokeSpecial(java.lang.Object, java.lang.Object, java.lang.Object, java.lang.Object, java.lang.Object)'> (0x0000000088660720) 
thrown [./open/src/hotspot/share/interpreter/linkResolver.cpp, line 782]
Event: 0.543 Thread 0x0000000024f016b0 Exception <a 'java/lang/NoSuchMethodError'{0x0000000088551eb0}: 'java.lang.Object java.lang.invoke.DirectMethodHandle$Holder.invokeStatic(java.lang.Object, int, java.lang.Object)'> (0x0000000088551eb0) 
thrown [./open/src/hotspot/share/interpreter/linkResolver.cpp, line 782]
Event: 0.547 Thread 0x0000000024f016b0 Exception <a 'java/lang/ClassNotFoundException'{0x0000000088566ce0}: sun/util/logging/resources/spi/loggingProvider> (0x0000000088566ce0) 
thrown [./open/src/hotspot/share/classfile/systemDictionary.cpp, line 295]
Event: 0.657 Thread 0x0000000024f016b0 Exception <a 'java/lang/NoSuchMethodError'{0x00000000895974d8}: 'void java.lang.invoke.DirectMethodHandle$Holder.invokeStaticInit(java.lang.Object, java.lang.Object)'> (0x00000000895974d8) 
thrown [./open/src/hotspot/share/interpreter/linkResolver.cpp, line 782]
Event: 0.747 Thread 0x0000000024f016b0 Implicit null exception at 0x0000000016b41f8d to 0x0000000016b4239c
Event: 0.748 Thread 0x0000000024f016b0 Implicit null exception at 0x0000000016b3ff2c to 0x0000000016b40338
Event: 0.748 Thread 0x0000000024f016b0 Implicit null exception at 0x0000000016afb1af to 0x0000000016afb229
Event: 0.901 Thread 0x0000000024f016b0 Exception <a 'java/lang/NoSuchMethodError'{0x0000000088be4248}: 'java.lang.Object java.lang.invoke.DirectMethodHandle$Holder.invokeInterface(java.lang.Object, java.lang.Object, java.lang.Object)'> (0x0000000088be4248) 
thrown [./open/src/hotspot/share/interpreter/linkResolver.cpp, line 782]
Event: 0.901 Thread 0x0000000024f016b0 Exception <a 'java/lang/IncompatibleClassChangeError'{0x0000000088be7dc8}: Found class java.lang.Object, but interface was expected> (0x0000000088be7dc8) 
thrown [./open/src/hotspot/share/interpreter/linkResolver.cpp, line 848]
Event: 0.969 Thread 0x0000000024f016b0 Exception <a 'java/lang/ClassNotFoundException'{0x000000008872c3f0}: com/sun/javafx/scene/control/skin/resources/controls> (0x000000008872c3f0) 
thrown [./open/src/hotspot/share/prims/jni.cpp, line 599]
Event: 0.970 Thread 0x0000000024f016b0 Exception <a 'java/lang/ClassNotFoundException'{0x0000000088739ee8}: com/sun/javafx/scene/control/skin/resources/controls_hu> (0x0000000088739ee8) 
thrown [./open/src/hotspot/share/prims/jni.cpp, line 599]
Event: 0.971 Thread 0x0000000024f016b0 Exception <a 'java/lang/ClassNotFoundException'{0x000000008873b7d8}: com/sun/javafx/scene/control/skin/resources/controls_hu_HU> (0x000000008873b7d8) 
thrown [./open/src/hotspot/share/prims/jni.cpp, line 599]
Event: 1.006 Thread 0x0000000024f016b0 Exception <a 'java/lang/NoSuchMethodError'{0x00000000886d9fe8}: 'void java.lang.invoke.DirectMethodHandle$Holder.invokeSpecial(java.lang.Object, java.lang.Object, java.lang.Object, java.lang.Object, java.lang.Object, java.lang.Object)'> (0x00000000886d9fe8) 
thrown [./open/src/hotspot/share/interpreter/linkResolver.cpp, line 782]
Event: 1.095 Thread 0x0000000024f016b0 Exception <a 'java/lang/NoSuchMethodError'{0x0000000087f3adc8}: 'java.lang.Object java.lang.invoke.DirectMethodHandle$Holder.newInvokeSpecial(java.lang.Object, java.lang.Object, int)'> (0x0000000087f3adc8) 
thrown [./open/src/hotspot/share/interpreter/linkResolver.cpp, line 782]
Event: 1.122 Thread 0x00000000249e4870 Exception <a 'java/lang/NoSuchMethodError'{0x0000000087e1b430}: 'int java.lang.invoke.DirectMethodHandle$Holder.invokeStaticInit(java.lang.Object, java.lang.Object)'> (0x0000000087e1b430) 
thrown [./open/src/hotspot/share/interpreter/linkResolver.cpp, line 782]
Event: 79.720 Thread 0x0000000024f016b0 Exception <a 'java/lang/NoSuchMethodError'{0x0000000089769f60}: 'long java.lang.invoke.DirectMethodHandle$Holder.invokeStatic(java.lang.Object, java.lang.Object, java.lang.Object)'> (0x0000000089769f60) 
thrown [./open/src/hotspot/share/interpreter/linkResolver.cpp, line 782]
Event: 79.720 Thread 0x0000000024f016b0 Exception <a 'java/lang/NoSuchMethodError'{0x000000008976d910}: 'long java.lang.invoke.DirectMethodHandle$Holder.invokeStaticInit(java.lang.Object, java.lang.Object, java.lang.Object)'> (0x000000008976d910) 
thrown [./open/src/hotspot/share/interpreter/linkResolver.cpp, line 782]
Event: 79.722 Thread 0x0000000024f016b0 Exception <a 'java/lang/NoSuchMethodError'{0x0000000089785c18}: 'java.lang.Object java.lang.invoke.DirectMethodHandle$Holder.newInvokeSpecial(java.lang.Object, java.lang.Object, long)'> (0x0000000089785c18) 
thrown [./open/src/hotspot/share/interpreter/linkResolver.cpp, line 782]
Event: 79.723 Thread 0x0000000024f016b0 Exception <a 'java/lang/NoSuchMethodError'{0x0000000089789988}: 'java.lang.Object java.lang.invoke.Invokers$Holder.linkToTargetMethod(java.lang.Object, long, java.lang.Object)'> (0x0000000089789988) 
thrown [./open/src/hotspot/share/interpreter/linkResolver.cpp, line 782]

Events (20 events):
Event: 79.705 loading class sun/text/resources/BreakIteratorResources
Event: 79.705 loading class sun/util/resources/BreakIteratorResourceBundle
Event: 79.705 loading class sun/util/resources/BreakIteratorResourceBundle done
Event: 79.706 loading class sun/text/resources/BreakIteratorResources done
Event: 79.706 loading class sun/text/RuleBasedBreakIterator
Event: 79.707 loading class sun/text/RuleBasedBreakIterator done
Event: 79.707 loading class sun/text/CompactByteArray
Event: 79.707 loading class sun/text/CompactByteArray done
Event: 79.708 loading class sun/text/SupplementaryCharacterData
Event: 79.708 loading class sun/text/SupplementaryCharacterData done
Event: 79.708 loading class java/text/BreakIterator$BreakIteratorCache
Event: 79.708 loading class java/text/BreakIterator$BreakIteratorCache done
Event: 80.195 Executing VM operation: HandshakeAllThreads
Event: 80.195 Executing VM operation: HandshakeAllThreads done
Event: 82.195 Executing VM operation: HandshakeAllThreads
Event: 82.195 Executing VM operation: HandshakeAllThreads done
Event: 84.195 Executing VM operation: HandshakeAllThreads
Event: 84.195 Executing VM operation: HandshakeAllThreads done
Event: 86.195 Executing VM operation: HandshakeAllThreads
Event: 86.195 Executing VM operation: HandshakeAllThreads done


Dynamic libraries:
0x000000013f560000 - 0x000000013f56d000 	C:\Users\lacska\.jdks\openjdk-15.0.1\bin\java.exe
0x0000000077650000 - 0x00000000777ef000 	C:\Windows\SYSTEM32\ntdll.dll
0x0000000077530000 - 0x000000007764f000 	C:\Windows\system32\kernel32.dll
0x000007fefd210000 - 0x000007fefd277000 	C:\Windows\system32\KERNELBASE.dll
0x000007fef7450000 - 0x000007fef7468000 	C:\Users\lacska\.jdks\openjdk-15.0.1\bin\jli.dll
0x000007fefba20000 - 0x000007fefbc15000 	C:\Windows\WinSxS\amd64_microsoft.windows.common-controls_6595b64144ccf1df_6.0.7601.24483_none_e372d88f30fbb845\COMCTL32.dll
0x000007fefe320000 - 0x000007fefe3bf000 	C:\Windows\system32\msvcrt.dll
0x000007fefd8d0000 - 0x000007fefd937000 	C:\Windows\system32\GDI32.dll
0x0000000077430000 - 0x000000007752b000 	C:\Windows\system32\USER32.dll
0x000007fefe4f0000 - 0x000007fefe4fe000 	C:\Windows\system32\LPK.dll
0x000007fefdda0000 - 0x000007fefde6b000 	C:\Windows\system32\USP10.dll
0x000007fefd850000 - 0x000007fefd8c1000 	C:\Windows\system32\SHLWAPI.dll
0x000007fef7470000 - 0x000007fef7489000 	C:\Users\lacska\.jdks\openjdk-15.0.1\bin\VCRUNTIME140.dll
0x000007fef9610000 - 0x000007fef9614000 	C:\Users\lacska\.jdks\openjdk-15.0.1\bin\api-ms-win-crt-runtime-l1-1-0.dll
0x000007fef0a10000 - 0x000007fef0b0a000 	C:\Users\lacska\.jdks\openjdk-15.0.1\bin\ucrtbase.DLL
0x000007fefa780000 - 0x000007fefa783000 	C:\Users\lacska\.jdks\openjdk-15.0.1\bin\api-ms-win-core-localization-l1-2-0.dll
0x000007fef7400000 - 0x000007fef7403000 	C:\Users\lacska\.jdks\openjdk-15.0.1\bin\api-ms-win-core-processthreads-l1-1-1.dll
0x000007fef8230000 - 0x000007fef8233000 	C:\Users\lacska\.jdks\openjdk-15.0.1\bin\api-ms-win-core-file-l1-2-0.dll
0x000007fef5470000 - 0x000007fef5473000 	C:\Users\lacska\.jdks\openjdk-15.0.1\bin\api-ms-win-core-timezone-l1-1-0.dll
0x000007fef73f0000 - 0x000007fef73f3000 	C:\Users\lacska\.jdks\openjdk-15.0.1\bin\api-ms-win-core-file-l2-1-0.dll
0x000007fef5300000 - 0x000007fef5303000 	C:\Users\lacska\.jdks\openjdk-15.0.1\bin\api-ms-win-core-synch-l1-2-0.dll
0x000007fef5310000 - 0x000007fef5313000 	C:\Users\lacska\.jdks\openjdk-15.0.1\bin\api-ms-win-crt-heap-l1-1-0.dll
0x000007fef3e50000 - 0x000007fef3e54000 	C:\Users\lacska\.jdks\openjdk-15.0.1\bin\api-ms-win-crt-string-l1-1-0.dll
0x000007fef52f0000 - 0x000007fef52f4000 	C:\Users\lacska\.jdks\openjdk-15.0.1\bin\api-ms-win-crt-stdio-l1-1-0.dll
0x000007fef3c80000 - 0x000007fef3c84000 	C:\Users\lacska\.jdks\openjdk-15.0.1\bin\api-ms-win-crt-convert-l1-1-0.dll
0x000007fef3c90000 - 0x000007fef3c93000 	C:\Users\lacska\.jdks\openjdk-15.0.1\bin\api-ms-win-crt-environment-l1-1-0.dll
0x000007fef3c60000 - 0x000007fef3c63000 	C:\Users\lacska\.jdks\openjdk-15.0.1\bin\api-ms-win-crt-filesystem-l1-1-0.dll
0x000007fef3c70000 - 0x000007fef3c75000 	C:\Users\lacska\.jdks\openjdk-15.0.1\bin\api-ms-win-crt-math-l1-1-0.dll
0x000007fef3c10000 - 0x000007fef3c13000 	C:\Users\lacska\.jdks\openjdk-15.0.1\bin\api-ms-win-crt-locale-l1-1-0.dll
0x000007fefe6e0000 - 0x000007fefe70e000 	C:\Windows\system32\IMM32.DLL
0x000007fefd950000 - 0x000007fefda5b000 	C:\Windows\system32\MSCTF.dll
0x000007fefd0c0000 - 0x000007fefd101000 	C:\Windows\system32\nvinitx.dll
0x000007fefea80000 - 0x000007fefeb5b000 	C:\Windows\system32\ADVAPI32.dll
0x000007fefea60000 - 0x000007fefea7f000 	C:\Windows\SYSTEM32\sechost.dll
0x000007fefe3c0000 - 0x000007fefe4ec000 	C:\Windows\system32\RPCRT4.dll
0x000000000f000000 - 0x000000000f006000 	C:\Program Files\NVIDIA Corporation\CoProcManager\_etoured.dll
0x000007fef9f70000 - 0x000007fef9fc6000 	C:\Program Files\NVIDIA Corporation\CoProcManager\nvd3d9wrapx.dll
0x000007fefe500000 - 0x000007fefe6d7000 	C:\Windows\system32\SETUPAPI.dll
0x000007fefd500000 - 0x000007fefd536000 	C:\Windows\system32\CFGMGR32.dll
0x000007fefe770000 - 0x000007fefe84b000 	C:\Windows\system32\OLEAUT32.dll
0x000007fefdb00000 - 0x000007fefdcff000 	C:\Windows\system32\ole32.dll
0x000007fefd280000 - 0x000007fefd29a000 	C:\Windows\system32\DEVOBJ.dll
0x000007fef9e90000 - 0x000007fef9ecd000 	C:\Program Files\NVIDIA Corporation\CoProcManager\nvdxgiwrapx.dll
0x000007fef3c50000 - 0x000007fef3c5c000 	C:\Users\lacska\.jdks\openjdk-15.0.1\bin\vcruntime140_1.dll
0x000007fef2e30000 - 0x000007fef2ec1000 	C:\Users\lacska\.jdks\openjdk-15.0.1\bin\msvcp140.dll
0x000007fef3bf0000 - 0x000007fef3bf3000 	C:\Users\lacska\.jdks\openjdk-15.0.1\bin\api-ms-win-crt-time-l1-1-0.dll
0x000007fef3c00000 - 0x000007fef3c03000 	C:\Users\lacska\.jdks\openjdk-15.0.1\bin\api-ms-win-crt-utility-l1-1-0.dll
0x000007fed9e80000 - 0x000007feda9de000 	C:\Users\lacska\.jdks\openjdk-15.0.1\bin\server\jvm.dll
0x000007fef7fe0000 - 0x000007fef7fe9000 	C:\Windows\system32\WSOCK32.dll
0x000007fefeb60000 - 0x000007fefebad000 	C:\Windows\system32\WS2_32.dll
0x000007fefd940000 - 0x000007fefd948000 	C:\Windows\system32\NSI.dll
0x000007fefa880000 - 0x000007fefa8bb000 	C:\Windows\system32\WINMM.dll
0x000007fefc210000 - 0x000007fefc21c000 	C:\Windows\system32\VERSION.dll
0x0000000077800000 - 0x0000000077807000 	C:\Windows\system32\PSAPI.DLL
0x000007fef3bd0000 - 0x000007fef3bda000 	C:\Users\lacska\.jdks\openjdk-15.0.1\bin\jimage.dll
0x000007feefd60000 - 0x000007feefe85000 	C:\Windows\system32\DBGHELP.DLL
0x000007fef3be0000 - 0x000007fef3bee000 	C:\Users\lacska\.jdks\openjdk-15.0.1\bin\instrument.dll
0x000007fef3b30000 - 0x000007fef3b55000 	C:\Users\lacska\.jdks\openjdk-15.0.1\bin\java.dll
0x000007fefebb0000 - 0x000007feff93b000 	C:\Windows\system32\SHELL32.dll
0x000007fefd1b0000 - 0x000007fefd1bf000 	C:\Windows\system32\profapi.dll
0x000007fef3bb0000 - 0x000007fef3bc9000 	C:\Users\lacska\.jdks\openjdk-15.0.1\bin\net.dll
0x000007fefad70000 - 0x000007fefade1000 	C:\Windows\system32\WINHTTP.dll
0x000007fefad00000 - 0x000007fefad65000 	C:\Windows\system32\webio.dll
0x000007fefc890000 - 0x000007fefc8e5000 	C:\Windows\system32\mswsock.dll
0x000007fefc880000 - 0x000007fefc887000 	C:\Windows\System32\wship6.dll
0x000007fef3b10000 - 0x000007fef3b22000 	C:\Users\lacska\.jdks\openjdk-15.0.1\bin\nio.dll
0x000007fef3af0000 - 0x000007fef3b08000 	C:\Users\lacska\.jdks\openjdk-15.0.1\bin\zip.dll
0x000007fef3700000 - 0x000007fef371a000 	C:\Program Files\JetBrains\IntelliJ IDEA Community Edition 2021.1\bin\breakgen64.dll
0x000007fef3a90000 - 0x000007fef3a93000 	C:\javafx-sdk-11.0.2\bin\api-ms-win-core-console-l1-1-0.dll
0x000007fef32b0000 - 0x000007fef32b3000 	C:\javafx-sdk-11.0.2\bin\api-ms-win-core-datetime-l1-1-0.dll
0x000007fef32a0000 - 0x000007fef32a3000 	C:\javafx-sdk-11.0.2\bin\api-ms-win-core-debug-l1-1-0.dll
0x000007fef3290000 - 0x000007fef3293000 	C:\javafx-sdk-11.0.2\bin\api-ms-win-core-errorhandling-l1-1-0.dll
0x000007fef3190000 - 0x000007fef3194000 	C:\javafx-sdk-11.0.2\bin\api-ms-win-core-file-l1-1-0.dll
0x000007fef3120000 - 0x000007fef3123000 	C:\javafx-sdk-11.0.2\bin\api-ms-win-core-file-l1-2-0.dll
0x000007fef3110000 - 0x000007fef3113000 	C:\javafx-sdk-11.0.2\bin\api-ms-win-core-file-l2-1-0.dll
0x000007fef3100000 - 0x000007fef3103000 	C:\javafx-sdk-11.0.2\bin\api-ms-win-core-handle-l1-1-0.dll
0x000007fef2fe0000 - 0x000007fef2fe3000 	C:\javafx-sdk-11.0.2\bin\api-ms-win-core-heap-l1-1-0.dll
0x000007fef2fd0000 - 0x000007fef2fd3000 	C:\javafx-sdk-11.0.2\bin\api-ms-win-core-interlocked-l1-1-0.dll
0x000007fef2fc0000 - 0x000007fef2fc3000 	C:\javafx-sdk-11.0.2\bin\api-ms-win-core-libraryloader-l1-1-0.dll
0x000007fef2fb0000 - 0x000007fef2fb3000 	C:\javafx-sdk-11.0.2\bin\api-ms-win-core-localization-l1-2-0.dll
0x000007fef2e20000 - 0x000007fef2e23000 	C:\javafx-sdk-11.0.2\bin\api-ms-win-core-memory-l1-1-0.dll
0x000007fef2e10000 - 0x000007fef2e13000 	C:\javafx-sdk-11.0.2\bin\api-ms-win-core-namedpipe-l1-1-0.dll
0x000007fef2b40000 - 0x000007fef2b43000 	C:\javafx-sdk-11.0.2\bin\api-ms-win-core-processenvironment-l1-1-0.dll
0x000007fef1d50000 - 0x000007fef1d53000 	C:\javafx-sdk-11.0.2\bin\api-ms-win-core-processthreads-l1-1-0.dll
0x000007fef1d40000 - 0x000007fef1d43000 	C:\javafx-sdk-11.0.2\bin\api-ms-win-core-processthreads-l1-1-1.dll
0x000007fef1d30000 - 0x000007fef1d33000 	C:\javafx-sdk-11.0.2\bin\api-ms-win-core-profile-l1-1-0.dll
0x000007fef1d20000 - 0x000007fef1d23000 	C:\javafx-sdk-11.0.2\bin\api-ms-win-core-rtlsupport-l1-1-0.dll
0x000007fef1d10000 - 0x000007fef1d13000 	C:\javafx-sdk-11.0.2\bin\api-ms-win-core-string-l1-1-0.dll
0x000007fef1270000 - 0x000007fef1273000 	C:\javafx-sdk-11.0.2\bin\api-ms-win-core-synch-l1-1-0.dll
0x000007fef1260000 - 0x000007fef1263000 	C:\javafx-sdk-11.0.2\bin\api-ms-win-core-synch-l1-2-0.dll
0x000007fef1250000 - 0x000007fef1253000 	C:\javafx-sdk-11.0.2\bin\api-ms-win-core-sysinfo-l1-1-0.dll
0x000007fef1240000 - 0x000007fef1243000 	C:\javafx-sdk-11.0.2\bin\api-ms-win-core-timezone-l1-1-0.dll
0x000007fef1230000 - 0x000007fef1233000 	C:\javafx-sdk-11.0.2\bin\api-ms-win-core-util-l1-1-0.dll
0x000007fef1220000 - 0x000007fef1223000 	C:\javafx-sdk-11.0.2\bin\api-ms-win-crt-conio-l1-1-0.dll
0x000007fef1210000 - 0x000007fef1214000 	C:\javafx-sdk-11.0.2\bin\api-ms-win-crt-convert-l1-1-0.dll
0x000007fef1200000 - 0x000007fef1203000 	C:\javafx-sdk-11.0.2\bin\api-ms-win-crt-environment-l1-1-0.dll
0x000007fef11f0000 - 0x000007fef11f3000 	C:\javafx-sdk-11.0.2\bin\api-ms-win-crt-filesystem-l1-1-0.dll
0x000007fef11e0000 - 0x000007fef11e3000 	C:\javafx-sdk-11.0.2\bin\api-ms-win-crt-heap-l1-1-0.dll
0x000007fef11d0000 - 0x000007fef11d3000 	C:\javafx-sdk-11.0.2\bin\api-ms-win-crt-locale-l1-1-0.dll
0x000007fef11c0000 - 0x000007fef11c5000 	C:\javafx-sdk-11.0.2\bin\api-ms-win-crt-math-l1-1-0.dll
0x000007fef11b0000 - 0x000007fef11b5000 	C:\javafx-sdk-11.0.2\bin\api-ms-win-crt-multibyte-l1-1-0.dll
0x000007fef11a0000 - 0x000007fef11b0000 	C:\javafx-sdk-11.0.2\bin\api-ms-win-crt-private-l1-1-0.dll
0x000007fef1190000 - 0x000007fef1193000 	C:\javafx-sdk-11.0.2\bin\api-ms-win-crt-process-l1-1-0.dll
0x000007fef1180000 - 0x000007fef1184000 	C:\javafx-sdk-11.0.2\bin\api-ms-win-crt-runtime-l1-1-0.dll
0x000007fef1170000 - 0x000007fef1174000 	C:\javafx-sdk-11.0.2\bin\api-ms-win-crt-stdio-l1-1-0.dll
0x000007fef1160000 - 0x000007fef1164000 	C:\javafx-sdk-11.0.2\bin\api-ms-win-crt-string-l1-1-0.dll
0x000007fef1120000 - 0x000007fef1123000 	C:\javafx-sdk-11.0.2\bin\api-ms-win-crt-time-l1-1-0.dll
0x000007fef1110000 - 0x000007fef1113000 	C:\javafx-sdk-11.0.2\bin\api-ms-win-crt-utility-l1-1-0.dll
0x000007fef0870000 - 0x000007fef096a000 	C:\javafx-sdk-11.0.2\bin\ucrtbase.dll
0x000007fef10f0000 - 0x000007fef1106000 	C:\javafx-sdk-11.0.2\bin\vcruntime140.dll
0x000007fef1030000 - 0x000007fef10d6000 	C:\javafx-sdk-11.0.2\bin\msvcp140.dll
0x000007fef0ea0000 - 0x000007fef0ef1000 	C:\javafx-sdk-11.0.2\bin\concrt140.dll
0x000007fef0c80000 - 0x000007fef0ca3000 	C:\javafx-sdk-11.0.2\bin\prism_d3d.dll
0x000007fedf700000 - 0x000007fedf8ff000 	C:\Windows\system32\d3d9.dll
0x000007fee3290000 - 0x000007fee3297000 	C:\Windows\system32\d3d8thk.dll
0x000007fefb410000 - 0x000007fefb428000 	C:\Windows\system32\dwmapi.dll
0x000007fefb840000 - 0x000007fefb896000 	C:\Windows\system32\uxtheme.dll
0x000007fef93d0000 - 0x000007fef94e8000 	C:\Windows\system32\nvumdshimx.dll
0x000007fed8d50000 - 0x000007fed9e77000 	C:\Windows\system32\nvd3dumx.dll
0x000007fefd1c0000 - 0x000007fefd1fb000 	C:\Windows\system32\WINTRUST.dll
0x000007fefd360000 - 0x000007fefd4cd000 	C:\Windows\system32\CRYPT32.dll
0x000007fefd1a0000 - 0x000007fefd1af000 	C:\Windows\system32\MSASN1.dll
0x000007fef0c30000 - 0x000007fef0c75000 	C:\javafx-sdk-11.0.2\bin\glass.dll
0x000007fefdd00000 - 0x000007fefdd97000 	C:\Windows\system32\COMDLG32.dll
0x000007fefcff0000 - 0x000007fefcfff000 	C:\Windows\system32\CRYPTBASE.dll
0x000007fefa5f0000 - 0x000007fefa61c000 	C:\Windows\system32\powrprof.dll
0x0000000180000000 - 0x0000000180154000 	C:\Program Files (x86)\NVIDIA Corporation\3D Vision\nvSCPAPI64.dll
0x000007fee57a0000 - 0x000007fee5a4e000 	C:\Windows\system32\nvspcap64.dll

dbghelp: loaded successfully - version: 4.0.5 - missing functions: none
symbol engine: initialized successfully - sym options: 0x614 - pdb path: .;C:\Users\lacska\.jdks\openjdk-15.0.1\bin;C:\Windows\SYSTEM32;C:\Windows\WinSxS\amd64_microsoft.windows.common-controls_6595b64144ccf1df_6.0.7601.24483_none_e372d88f30fbb845;C:\Program Files\NVIDIA Corporation\CoProcManager;C:\Users\lacska\.jdks\openjdk-15.0.1\bin\server;C:\Program Files\JetBrains\IntelliJ IDEA Community Edition 2021.1\bin;C:\javafx-sdk-11.0.2\bin;C:\Program Files (x86)\NVIDIA Corporation\3D Vision;C:\Users\lacska\AppData\Local\MEGAsync;C:\Program Files (x86)\Google\Drive;C:\Windows\WinSxS\amd64_microsoft.vc90.crt_1fc8b3b9a1e18e3b_9.0.30729.6161_none_08e61857a83bc251;C:\Users\lacska\AppData\Local\Microsoft\OneDrive\17.3.4604.0120\amd64;C:\Program Files\Common Files\Microsoft Shared\Ink;C:\Users\lacska\AppData\Local\Discord\app-1.0.9001\modules\discord_hook-1\discord_hook\5d3c53859c6

VM Arguments:
jvm_args: --module-path=C:\javafx-sdk-11.0.2\lib --add-modules=javafx.controls,javafx.fxml -javaagent:C:\Program Files\JetBrains\IntelliJ IDEA Community Edition 2021.1\lib\idea_rt.jar=59441:C:\Program Files\JetBrains\IntelliJ IDEA Community Edition 2021.1\bin -Dfile.encoding=UTF-8 
java_command: hu.unideb.inf.MainApp
java_class_path (initial): C:\Users\lacska\Documents\negyedik felev\mérnöki\áttét\Új mappa\JavaFX11\target\classes;C:\Users\lacska\.m2\repository\org\openjfx\javafx-controls\11\javafx-controls-11.jar;C:\Users\lacska\.m2\repository\org\openjfx\javafx-controls\11\javafx-controls-11-win.jar;C:\Users\lacska\.m2\repository\org\openjfx\javafx-graphics\11\javafx-graphics-11.jar;C:\Users\lacska\.m2\repository\org\openjfx\javafx-graphics\11\javafx-graphics-11-win.jar;C:\Users\lacska\.m2\repository\org\openjfx\javafx-base\11\javafx-base-11.jar;C:\Users\lacska\.m2\repository\org\openjfx\javafx-base\11\javafx-base-11-win.jar;C:\Users\lacska\.m2\repository\org\openjfx\javafx-fxml\11\javafx-fxml-11.jar;C:\Users\lacska\.m2\repository\org\openjfx\javafx-fxml\11\javafx-fxml-11-win.jar;C:\Users\lacska\Documents\negyedik felev\mérnöki\mysql-connector-java-8.0.23\mysql-connector-java-8.0.23\mysql-connector-java-8.0.23.jar
Launcher Type: SUN_STANDARD

[Global flags]
     intx CICompilerCount                          = 4                                         {product} {ergonomic}
     uint ConcGCThreads                            = 2                                         {product} {ergonomic}
     uint G1ConcRefinementThreads                  = 8                                         {product} {ergonomic}
   size_t G1HeapRegionSize                         = 1048576                                   {product} {ergonomic}
    uintx GCDrainStackTargetSize                   = 64                                        {product} {ergonomic}
   size_t InitialHeapSize                          = 134217728                                 {product} {ergonomic}
   size_t MarkStackSize                            = 4194304                                   {product} {ergonomic}
   size_t MaxHeapSize                              = 2118123520                                {product} {ergonomic}
   size_t MaxNewSize                               = 1270874112                                {product} {ergonomic}
   size_t MinHeapDeltaBytes                        = 1048576                                   {product} {ergonomic}
   size_t MinHeapSize                              = 8388608                                   {product} {ergonomic}
    uintx NonNMethodCodeHeapSize                   = 5839372                                {pd product} {ergonomic}
    uintx NonProfiledCodeHeapSize                  = 122909434                              {pd product} {ergonomic}
    uintx ProfiledCodeHeapSize                     = 122909434                              {pd product} {ergonomic}
    uintx ReservedCodeCacheSize                    = 251658240                              {pd product} {ergonomic}
     bool SegmentedCodeCache                       = true                                      {product} {ergonomic}
   size_t SoftMaxHeapSize                          = 2118123520                             {manageable} {ergonomic}
     bool UseCompressedClassPointers               = true                                 {lp64_product} {ergonomic}
     bool UseCompressedOops                        = true                                 {lp64_product} {ergonomic}
     bool UseG1GC                                  = true                                      {product} {ergonomic}
     bool UseLargePagesIndividualAllocation        = false                                  {pd product} {ergonomic}

Logging:
Log output configuration:
 #0: stdout all=warning uptime,level,tags
 #1: stderr all=off uptime,level,tags

Environment Variables:
JAVA_HOME=C:\Program Files\Java\jdk-10.0.1
PATH=C:\Program Files (x86)\NVIDIA Corporation\PhysX\Common;C:\Program Files (x86)\Intel\iCLS Client\;C:\Program Files\Intel\iCLS Client\;C:\Windows\system32;C:\Windows;C:\Windows\System32\Wbem;C:\Windows\System32\WindowsPowerShell\v1.0\;C:\Program Files\Intel\Intel(R) Management Engine Components\DAL;C:\Program Files\Intel\Intel(R) Management Engine Components\IPT;C:\Program Files (x86)\Intel\Intel(R) Management Engine Components\DAL;C:\Program Files (x86)\Intel\Intel(R) Management Engine Components\IPT;C:\Program Files\NVIDIA Corporation\NVIDIA NvDLISR;C:\Program Files\dotnet\;C:\Program Files\MATLAB\R2020b\bin;C:\Program Files (x86)\dotnet\;C:\opt\apache-maven-3.6.3\bin;C:\Program Files\Java\jdk-10.0.1\bin;C:\Program Files\Git\cmd;C:\opt\apache-maven-3.6.3\bin;C:\MinGW\bin;D:\Microsoft VS Code\bin;C:\Users\lacska\.dotnet\tools;C:\Program Files\JetBrains\IntelliJ IDEA Community Edition 2021.1\bin;
USERNAME=lacska
OS=Windows_NT
PROCESSOR_IDENTIFIER=Intel64 Family 6 Model 60 Stepping 3, GenuineIntel



---------------  S Y S T E M  ---------------

OS:
 Windows 7 , 64 bit Build 7601 (6.1.7601.24545)
OS uptime: 8 days 13:45 hours

CPU: total 8 (initial active 8) (4 cores per cpu, 2 threads per core) family 6 model 60 stepping 3 microcode 0x0, cmov, cx8, fxsr, mmx, sse, sse2, sse3, ssse3, sse4.1, sse4.2, popcnt, vzeroupper, avx, avx2, aes, clmul, erms, rtm, lzcnt, ht, tsc, tscinvbit, bmi1, bmi2, fma, clflush

Memory: 4k page, system-wide physical 8079M (3093M free)
TotalPageFile size 9724M (AvailPageFile size 3293M)
current process WorkingSet (physical memory assigned to process): 130M, peak: 161M
current process commit charge ("private bytes"): 282M, peak: 314M

vm_info: OpenJDK 64-Bit Server VM (15.0.1+9-18) for windows-amd64 JRE (15.0.1+9-18), built on Sep 15 2020 14:39:31 by "mach5one" with unknown MS VC++:1925

END.
